<?xml version="1.0" encoding="UTF-8"?>
<!-- Generated by org.testng.reporters.JUnitReportReporter -->
<testsuite skipped="0" hostname="DESKTOP-VSBSEDM" name="cucumberOptions.TestNGTestRunner" tests="36" failures="0" timestamp="2021-10-14T11:10:15 MST" time="0.363" errors="0">
  <testcase name="runScenario" time="0.006" classname="cucumberOptions.TestNGTestRunner"/>
  <system-out/>
  <testcase name="runScenario" time="0.004" classname="cucumberOptions.TestNGTestRunner"/>
  <system-out/>
  <testcase name="runScenario" time="0.203" classname="cucumberOptions.TestNGTestRunner"/>
  <system-out/>
  <testcase name="runScenario" time="0.007" classname="cucumberOptions.TestNGTestRunner"/>
  <system-out/>
  <testcase name="runScenario" time="0.005" classname="cucumberOptions.TestNGTestRunner"/>
  <system-out/>
  <testcase name="runScenario" time="0.004" classname="cucumberOptions.TestNGTestRunner"/>
  <system-out/>
  <testcase name="runScenario" time="0.004" classname="cucumberOptions.TestNGTestRunner"/>
  <system-out/>
  <testcase name="runScenario" time="0.004" classname="cucumberOptions.TestNGTestRunner"/>
  <system-out/>
  <testcase name="runScenario" time="0.006" classname="cucumberOptions.TestNGTestRunner"/>
  <system-out/>
  <testcase name="runScenario" time="0.008" classname="cucumberOptions.TestNGTestRunner"/>
  <system-out/>
  <testcase name="runScenario" time="0.004" classname="cucumberOptions.TestNGTestRunner"/>
  <system-out/>
  <testcase name="runScenario" time="0.007" classname="cucumberOptions.TestNGTestRunner"/>
  <system-out/>
  <testcase name="runScenario" time="0.003" classname="cucumberOptions.TestNGTestRunner"/>
  <system-out/>
  <testcase name="runScenario" time="0.006" classname="cucumberOptions.TestNGTestRunner"/>
  <system-out/>
  <testcase name="runScenario" time="0.004" classname="cucumberOptions.TestNGTestRunner"/>
  <system-out/>
  <testcase name="runScenario" time="0.005" classname="cucumberOptions.TestNGTestRunner"/>
  <system-out/>
  <testcase name="runScenario" time="0.004" classname="cucumberOptions.TestNGTestRunner"/>
  <system-out/>
  <testcase name="runScenario" time="0.004" classname="cucumberOptions.TestNGTestRunner"/>
  <system-out/>
  <testcase name="runScenario" time="0.003" classname="cucumberOptions.TestNGTestRunner"/>
  <system-out/>
  <testcase name="runScenario" time="0.004" classname="cucumberOptions.TestNGTestRunner"/>
  <system-out/>
  <testcase name="runScenario" time="0.008" classname="cucumberOptions.TestNGTestRunner"/>
  <system-out/>
  <testcase name="runScenario" time="0.007" classname="cucumberOptions.TestNGTestRunner"/>
  <system-out/>
  <testcase name="runScenario" time="0.003" classname="cucumberOptions.TestNGTestRunner"/>
  <system-out/>
  <testcase name="runScenario" time="0.006" classname="cucumberOptions.TestNGTestRunner"/>
  <system-out/>
  <testcase name="runScenario" time="0.003" classname="cucumberOptions.TestNGTestRunner"/>
  <system-out/>
  <testcase name="runScenario" time="0.004" classname="cucumberOptions.TestNGTestRunner"/>
  <system-out/>
  <testcase name="runScenario" time="0.003" classname="cucumberOptions.TestNGTestRunner"/>
  <system-out/>
  <testcase name="runScenario" time="0.004" classname="cucumberOptions.TestNGTestRunner"/>
  <system-out/>
  <testcase name="runScenario" time="0.005" classname="cucumberOptions.TestNGTestRunner"/>
  <system-out/>
  <testcase name="runScenario" time="0.004" classname="cucumberOptions.TestNGTestRunner"/>
  <system-out/>
  <testcase name="runScenario" time="0.003" classname="cucumberOptions.TestNGTestRunner"/>
  <system-out/>
  <testcase name="runScenario" time="0.003" classname="cucumberOptions.TestNGTestRunner"/>
  <system-out/>
  <testcase name="runScenario" time="0.004" classname="cucumberOptions.TestNGTestRunner"/>
  <system-out/>
  <testcase name="runScenario" time="0.003" classname="cucumberOptions.TestNGTestRunner"/>
  <system-out/>
  <testcase name="runScenario" time="0.004" classname="cucumberOptions.TestNGTestRunner"/>
  <system-out/>
  <testcase name="runScenario" time="0.004" classname="cucumberOptions.TestNGTestRunner"/>
  <system-out/>
</testsuite> <!-- cucumberOptions.TestNGTestRunner -->
