<?xml version="1.0" encoding="UTF-8"?>
<!-- Generated by org.testng.reporters.JUnitReportReporter -->
<testsuite skipped="0" hostname="DESKTOP-VSBSEDM" name="Cucumber.Automation.AppTest" tests="1" failures="0" timestamp="2021-10-14T11:10:26 MST" time="0.005" errors="0">
  <testcase name="shouldAnswerWithTrue" time="0.005" classname="Cucumber.Automation.AppTest"/>
  <system-out/>
</testsuite> <!-- Cucumber.Automation.AppTest -->
